Log file opened on Thu Oct  9 20:53:22 2014
Host: macbookpro.local  pid: 81078  nodeid: 0  nnodes:  1
Gromacs version:    VERSION 4.6.5
Precision:          single
Memory model:       64 bit
MPI library:        thread_mpi
OpenMP support:     disabled
GPU support:        disabled
invsqrt routine:    gmx_software_invsqrt(x)
CPU acceleration:   AVX_256
FFT library:        fftw-3.3.2-sse2
Large file support: enabled
RDTSCP usage:       enabled
Built on:           Tue Jun 24 22:25:41 CEST 2014
Built by:           marius@macbookpro.local [CMAKE]
Build OS/arch:      Darwin 13.2.0 x86_64
Build CPU vendor:   GenuineIntel
Build CPU brand:    Intel(R) Core(TM) i7-4558U CPU @ 2.80GHz
Build CPU family:   6   Model: 69   Stepping: 1
Build CPU features: aes apic avx avx2 clfsh cmov cx8 cx16 f16c fma htt lahf_lm mmx msr nonstop_tsc pcid pclmuldq pdcm pdpe1gb popcnt pse rdrnd rdtscp sse2 sse3 sse4.1 sse4.2 ssse3 tdt x2apic
C compiler:         /usr/bin/cc Clang Apple LLVM version 5.1 (clang-503.0.40) (based on LLVM 3.4svn)
C compiler flags:   -mavx    -Wall -Wno-unused -Wunused-value -Wno-unknown-pragmas    -O3 -DNDEBUG


                         :-)  G  R  O  M  A  C  S  (-:

                Guyana Rwanda Oman Macau Angola Cameroon Senegal

                            :-)  VERSION 4.6.5  (-:

        Contributions from Mark Abraham, Emile Apol, Rossen Apostolov, 
           Herman J.C. Berendsen, Aldert van Buuren, Pär Bjelkmar,  
     Rudi van Drunen, Anton Feenstra, Gerrit Groenhof, Christoph Junghans, 
        Peter Kasson, Carsten Kutzner, Per Larsson, Pieter Meulenhoff, 
           Teemu Murtola, Szilard Pall, Sander Pronk, Roland Schulz, 
                Michael Shirts, Alfons Sijbers, Peter Tieleman,

               Berk Hess, David van der Spoel, and Erik Lindahl.

       Copyright (c) 1991-2000, University of Groningen, The Netherlands.
         Copyright (c) 2001-2012,2013, The GROMACS development team at
        Uppsala University & The Royal Institute of Technology, Sweden.
            check out http://www.gromacs.org for more information.

         This program is free software; you can redistribute it and/or
       modify it under the terms of the GNU Lesser General Public License
        as published by the Free Software Foundation; either version 2.1
             of the License, or (at your option) any later version.

                                :-)  mdrun  (-:


++++ PLEASE READ AND CITE THE FOLLOWING REFERENCE ++++
B. Hess and C. Kutzner and D. van der Spoel and E. Lindahl
GROMACS 4: Algorithms for highly efficient, load-balanced, and scalable
molecular simulation
J. Chem. Theory Comput. 4 (2008) pp. 435-447
-------- -------- --- Thank You --- -------- --------


++++ PLEASE READ AND CITE THE FOLLOWING REFERENCE ++++
D. van der Spoel, E. Lindahl, B. Hess, G. Groenhof, A. E. Mark and H. J. C.
Berendsen
GROMACS: Fast, Flexible and Free
J. Comp. Chem. 26 (2005) pp. 1701-1719
-------- -------- --- Thank You --- -------- --------


++++ PLEASE READ AND CITE THE FOLLOWING REFERENCE ++++
E. Lindahl and B. Hess and D. van der Spoel
GROMACS 3.0: A package for molecular simulation and trajectory analysis
J. Mol. Mod. 7 (2001) pp. 306-317
-------- -------- --- Thank You --- -------- --------


++++ PLEASE READ AND CITE THE FOLLOWING REFERENCE ++++
H. J. C. Berendsen, D. van der Spoel and R. van Drunen
GROMACS: A message-passing parallel molecular dynamics implementation
Comp. Phys. Comm. 91 (1995) pp. 43-56
-------- -------- --- Thank You --- -------- --------

Input Parameters:
   integrator           = md
   nsteps               = 0
   init-step            = 0
   cutoff-scheme        = Group
   ns_type              = Simple
   nstlist              = 0
   ndelta               = 2
   nstcomm              = 100
   comm-mode            = Linear
   nstlog               = 1000
   nstxout              = 0
   nstvout              = 0
   nstfout              = 0
   nstcalcenergy        = 100
   nstenergy            = 1000
   nstxtcout            = 0
   init-t               = 0
   delta-t              = 0.001
   xtcprec              = 1000
   fourierspacing       = 0.12
   nkx                  = 0
   nky                  = 0
   nkz                  = 0
   pme-order            = 4
   ewald-rtol           = 1e-05
   ewald-geometry       = 0
   epsilon-surface      = 0
   optimize-fft         = FALSE
   ePBC                 = no
   bPeriodicMols        = FALSE
   bContinuation        = TRUE
   bShakeSOR            = FALSE
   etc                  = No
   bPrintNHChains       = FALSE
   nsttcouple           = -1
   epc                  = No
   epctype              = Isotropic
   nstpcouple           = -1
   tau-p                = 1
   ref-p (3x3):
      ref-p[    0]={ 0.00000e+00,  0.00000e+00,  0.00000e+00}
      ref-p[    1]={ 0.00000e+00,  0.00000e+00,  0.00000e+00}
      ref-p[    2]={ 0.00000e+00,  0.00000e+00,  0.00000e+00}
   compress (3x3):
      compress[    0]={ 0.00000e+00,  0.00000e+00,  0.00000e+00}
      compress[    1]={ 0.00000e+00,  0.00000e+00,  0.00000e+00}
      compress[    2]={ 0.00000e+00,  0.00000e+00,  0.00000e+00}
   refcoord-scaling     = No
   posres-com (3):
      posres-com[0]= 0.00000e+00
      posres-com[1]= 0.00000e+00
      posres-com[2]= 0.00000e+00
   posres-comB (3):
      posres-comB[0]= 0.00000e+00
      posres-comB[1]= 0.00000e+00
      posres-comB[2]= 0.00000e+00
   verlet-buffer-drift  = 0.005
   rlist                = 0
   rlistlong            = 0
   nstcalclr            = 0
   rtpi                 = 0.05
   coulombtype          = Cut-off
   coulomb-modifier     = None
   rcoulomb-switch      = 0
   rcoulomb             = 0
   vdwtype              = Cut-off
   vdw-modifier         = None
   rvdw-switch          = 0
   rvdw                 = 0
   epsilon-r            = 1
   epsilon-rf           = inf
   tabext               = 1
   implicit-solvent     = No
   gb-algorithm         = Still
   gb-epsilon-solvent   = 80
   nstgbradii           = 1
   rgbradii             = 1
   gb-saltconc          = 0
   gb-obc-alpha         = 1
   gb-obc-beta          = 0.8
   gb-obc-gamma         = 4.85
   gb-dielectric-offset = 0.009
   sa-algorithm         = Ace-approximation
   sa-surface-tension   = 2.05016
   DispCorr             = No
   bSimTemp             = FALSE
   free-energy          = no
   nwall                = 0
   wall-type            = 9-3
   wall-atomtype[0]     = -1
   wall-atomtype[1]     = -1
   wall-density[0]      = 0
   wall-density[1]      = 0
   wall-ewald-zfac      = 3
   pull                 = no
   rotation             = FALSE
   disre                = No
   disre-weighting      = Conservative
   disre-mixed          = FALSE
   dr-fc                = 1000
   dr-tau               = 0
   nstdisreout          = 100
   orires-fc            = 0
   orires-tau           = 0
   nstorireout          = 100
   dihre-fc             = 0
   em-stepsize          = 0.01
   em-tol               = 10
   niter                = 20
   fc-stepsize          = 0
   nstcgsteep           = 1000
   nbfgscorr            = 10
   ConstAlg             = Lincs
   shake-tol            = 0.0001
   lincs-order          = 4
   lincs-warnangle      = 30
   lincs-iter           = 1
   bd-fric              = 0
   ld-seed              = 1993
   cos-accel            = 0
   deform (3x3):
      deform[    0]={ 0.00000e+00,  0.00000e+00,  0.00000e+00}
      deform[    1]={ 0.00000e+00,  0.00000e+00,  0.00000e+00}
      deform[    2]={ 0.00000e+00,  0.00000e+00,  0.00000e+00}
   adress               = FALSE
   userint1             = 0
   userint2             = 0
   userint3             = 0
   userint4             = 0
   userreal1            = 0
   userreal2            = 0
   userreal3            = 0
   userreal4            = 0
grpopts:
   nrdf:         399
   ref-t:           0
   tau-t:           0
anneal:          No
ann-npoints:           0
   acc:	           0           0           0
   nfreeze:           N           N           N
   energygrp-flags[  0]: 0
   efield-x:
      n = 0
   efield-xt:
      n = 0
   efield-y:
      n = 0
   efield-yt:
      n = 0
   efield-z:
      n = 0
   efield-zt:
      n = 0
   bQMMM                = FALSE
   QMconstraints        = 0
   QMMMscheme           = 0
   scalefactor          = 1
qm-opts:
   ngQM                 = 0

Using accelerated all-vs-all kernels.

Using 1 MPI thread

Detecting CPU-specific acceleration.
Present hardware specification:
Vendor: GenuineIntel
Brand:  Intel(R) Core(TM) i7-4558U CPU @ 2.80GHz
Family:  6  Model: 69  Stepping:  1
Features: aes apic avx avx2 clfsh cmov cx8 cx16 f16c fma htt lahf_lm mmx msr nonstop_tsc pcid pclmuldq pdcm pdpe1gb popcnt pse rdrnd rdtscp sse2 sse3 sse4.1 sse4.2 ssse3 tdt x2apic
Acceleration most likely to fit this hardware: AVX_256
Acceleration selected at GROMACS compile time: AVX_256


Your simulation settings would have triggered the efficient all-vs-all
kernels in GROMACS 4.5, but these have not been implemented in GROMACS
4.6. Also, we can't use the accelerated SIMD kernels here because
of an unfixed bug. The reference C kernels are correct, though, so
we are proceeding by disabling all CPU architecture-specific
(e.g. SSE2/SSE4/AVX) routines. If performance is important, please
use GROMACS 4.5.7 or try cutoff-scheme = Verlet.

Table routines are used for coulomb: FALSE
Table routines are used for vdw:     FALSE
Cut-off's:   NS: 1e+18   Coulomb: 1e+18   LJ: 1e+18
System total charge: -0.000
Generated table with 500 data points for 1-4 COUL.
Tabscale = 500 points/nm
Generated table with 500 data points for 1-4 LJ6.
Tabscale = 500 points/nm
Generated table with 500 data points for 1-4 LJ12.
Tabscale = 500 points/nm
Potential shift: LJ r^-12: 0.000 r^-6 0.000, Coulomb 0.000
Center of mass motion removal mode is Linear
We have the following groups for center of mass motion removal:
  0:  rest
There are: 134 Atoms
Initial temperature: 0 K

Started mdrun on node 0 Thu Oct  9 20:53:22 2014

           Step           Time         Lambda
              0        0.00000        0.00000


   Energies (kJ/mol)
           Bond          Angle    Proper Dih.  Improper Dih.          LJ-14
    9.09984e+01    2.51532e+02    6.77193e+01    1.88820e+00    6.54664e+01
     Coulomb-14        LJ (SR)   Coulomb (SR)      Potential    Kinetic En.
   -1.50356e+02   -3.73533e+01   -1.79221e+02    1.10674e+02    6.81181e+00
   Total Energy    Temperature Pressure (bar)
    1.17486e+02    4.10660e+00    0.00000e+00

	<======  ###############  ==>
	<====  A V E R A G E S  ====>
	<==  ###############  ======>

	Statistics over 1 steps using 1 frames

   Energies (kJ/mol)
           Bond          Angle    Proper Dih.  Improper Dih.          LJ-14
    9.09984e+01    2.51532e+02    6.77193e+01    1.88820e+00    6.54664e+01
     Coulomb-14        LJ (SR)   Coulomb (SR)      Potential    Kinetic En.
   -1.50356e+02   -3.73533e+01   -1.79221e+02    1.10674e+02    6.81181e+00
   Total Energy    Temperature Pressure (bar)
    1.17486e+02    4.10660e+00    0.00000e+00

   Total Virial (kJ/mol)
    2.33061e+02   -1.90316e+02   -2.96203e+01
   -1.90315e+02    3.86050e+02    1.87148e+02
   -2.96185e+01    1.87151e+02    5.80194e+02

   Pressure (bar)
    0.00000e+00    0.00000e+00    0.00000e+00
    0.00000e+00    0.00000e+00    0.00000e+00
    0.00000e+00    0.00000e+00    0.00000e+00


	M E G A - F L O P S   A C C O U N T I N G

 NB=Group-cutoff nonbonded kernels    NxN=N-by-N cluster Verlet kernels
 RF=Reaction-Field  VdW=Van der Waals  QSTab=quadratic-spline table
 W3=SPC/TIP3p  W4=TIP4p (single or pairs)
 V&F=Potential and force  V=Potential only  F=Force only

 Computing:                               M-Number         M-Flops  % Flops
-----------------------------------------------------------------------------
 NB VdW & Elec. [V&F]                     0.328650           0.329    46.9
 1,4 nonbonded interactions               0.000356           0.032     4.6
 NS-Pairs                                 0.009045           0.190    27.1
 CG-CoM                                   0.000134           0.000     0.1
 Bonds                                    0.000133           0.008     1.1
 Angles                                   0.000256           0.043     6.1
 Propers                                  0.000375           0.086    12.2
 Impropers                                0.000002           0.000     0.1
 Virial                                   0.000179           0.003     0.5
 Stop-CM                                  0.000268           0.003     0.4
 Calc-Ekin                                0.000268           0.007     1.0
-----------------------------------------------------------------------------
 Total                                                       0.701   100.0
-----------------------------------------------------------------------------


     R E A L   C Y C L E   A N D   T I M E   A C C O U N T I N G

 Computing:         Nodes   Th.     Count  Wall t (s)     G-Cycles       %
-----------------------------------------------------------------------------
 Neighbor search        1    1          1       0.000        0.001    39.5
 Force                  1    1          1       0.000        0.001    39.8
 Update                 1    1          1       0.000        0.000     1.9
 Rest                   1                       0.000        0.001    18.8
-----------------------------------------------------------------------------
 Total                  1                       0.001        0.003   100.0
-----------------------------------------------------------------------------

               Core t (s)   Wall t (s)        (%)
       Time:        0.001        0.001       99.9
                 (ns/day)    (hour/ns)
Performance:       92.000        0.261
Finished mdrun on node 0 Thu Oct  9 20:53:22 2014
