============================================================================
| ACPYPE: AnteChamber PYthon Parser interfacE v. 0 0 Rev: 0 (c) 2013 AWSdS |
============================================================================
DEBUG: Python Version 2.7.5
Converting Amber input files to Gromacs ...
DEBUG: prmtop and inpcrd files loaded
DEBUG: basename defined = 'DPP'
DEBUG: getCoords done
DEBUG: getABCOEFs done
DEBUG: charge to be balanced: total  0.0000090038
DEBUG: balanceCharges done
DEBUG: Balanced TotalCharge  0.0000000000
DEBUG: PBC = 'None
DEBUG: getAtoms done
DEBUG: getBonds done
DEBUG: getAngles done
DEBUG: getDihedrals done
DEBUG: prmtop and inpcrd files parsed
==> Writing GROMACS files

DEBUG: writing GRO file
DEBUG: Box size estimated
DEBUG: atomTypes 13
DEBUG: GMX atomtypes done
DEBUG: atoms 130
DEBUG: GMX atoms done
DEBUG: bonds 129
DEBUG: GMX bonds done
DEBUG: atomPairs 349
DEBUG: GMX pairs done
DEBUG: angles 250
DEBUG: GMX angles done
DEBUG: setProperDihedralsCoef done
DEBUG: properDihedralsCoefRB 349
DEBUG: properDihedralsAlphaGamma 0
DEBUG: properDihedralsGmx45 400
==> Writing GMX dihedrals for GMX 4.5.

DEBUG: GMX special proper dihedrals done
DEBUG: improperDihedrals 2
DEBUG: GMX improper dihedrals done
Total time of execution: less than a second
